[21:37:55.876] [INFO   ] thread main starting.
[21:37:55.892] [SEVERE ] cannot read configuration file config.properties trying from resources.
[21:37:55.900] [SEVERE ] configuration file was loaded from resources directory.
[21:37:56.643] [INFO   ] thread dealer starting.
[21:37:56.643] [INFO   ] thread dealer starting.
[21:37:56.643] [INFO   ] thread player 0 starting.
[21:37:56.643] [INFO   ] thread player 1 starting.
[21:37:56.755] [SEVERE ] placing card 69 in slot 0
[21:37:56.861] [SEVERE ] placing card 30 in slot 1
[21:37:56.966] [SEVERE ] placing card 54 in slot 2
[21:37:57.072] [SEVERE ] placing card 47 in slot 3
[21:37:57.179] [SEVERE ] placing card 5 in slot 4
[21:37:57.283] [SEVERE ] placing card 49 in slot 5
[21:37:57.393] [SEVERE ] placing card 70 in slot 6
[21:37:57.508] [SEVERE ] placing card 13 in slot 7
[21:37:57.616] [SEVERE ] placing card 11 in slot 8
[21:37:57.724] [SEVERE ] placing card 44 in slot 9
[21:37:57.832] [SEVERE ] placing card 42 in slot 10
[21:37:57.945] [SEVERE ] placing card 27 in slot 11
[21:37:57.945] [SEVERE ] updating countdown to 60000
[21:37:58.053] [SEVERE ] updating countdown to 59893
[21:37:58.160] [SEVERE ] updating countdown to 59786
[21:37:58.269] [SEVERE ] updating countdown to 59676
[21:37:58.373] [SEVERE ] updating countdown to 59572
[21:37:58.478] [SEVERE ] updating countdown to 59467
[21:37:58.586] [SEVERE ] updating countdown to 59359
[21:37:58.698] [SEVERE ] updating countdown to 59247
[21:37:58.799] [SEVERE ] updating countdown to 59146
[21:37:58.914] [SEVERE ] updating countdown to 59031
[21:37:59.027] [SEVERE ] updating countdown to 58918
[21:37:59.135] [SEVERE ] updating countdown to 58810
[21:37:59.243] [SEVERE ] updating countdown to 58702
[21:37:59.349] [SEVERE ] updating countdown to 58596
[21:37:59.465] [SEVERE ] updating countdown to 58480
[21:37:59.580] [SEVERE ] updating countdown to 58365
[21:37:59.681] [SEVERE ] updating countdown to 58264
[21:37:59.784] [SEVERE ] updating countdown to 58161
[21:37:59.896] [SEVERE ] updating countdown to 58049
[21:38:00.011] [SEVERE ] updating countdown to 57934
[21:38:00.119] [SEVERE ] updating countdown to 57826
[21:38:00.226] [SEVERE ] updating countdown to 57719
[21:38:00.334] [SEVERE ] updating countdown to 57611
[21:38:00.444] [SEVERE ] updating countdown to 57501
[21:38:00.549] [SEVERE ] updating countdown to 57396
[21:38:00.657] [SEVERE ] updating countdown to 57288
[21:38:00.762] [SEVERE ] updating countdown to 57183
[21:38:00.877] [SEVERE ] updating countdown to 57068
[21:38:00.989] [SEVERE ] updating countdown to 56956
[21:38:01.094] [SEVERE ] updating countdown to 56851
[21:38:01.201] [SEVERE ] updating countdown to 56744
[21:38:01.307] [SEVERE ] updating countdown to 56638
[21:38:01.412] [SEVERE ] updating countdown to 56533
[21:38:01.515] [SEVERE ] updating countdown to 56430
[21:38:01.618] [SEVERE ] updating countdown to 56327
[21:38:01.726] [SEVERE ] updating countdown to 56219
[21:38:01.834] [SEVERE ] updating countdown to 56111
[21:38:01.942] [SEVERE ] updating countdown to 56003
[21:38:02.050] [SEVERE ] updating countdown to 55895
[21:38:02.157] [SEVERE ] updating countdown to 55788
[21:38:02.258] [SEVERE ] updating countdown to 55687
[21:38:02.360] [SEVERE ] updating countdown to 55585
[21:38:02.471] [SEVERE ] updating countdown to 55474
[21:38:02.581] [SEVERE ] updating countdown to 55364
[21:38:02.687] [SEVERE ] updating countdown to 55258
[21:38:02.794] [SEVERE ] updating countdown to 55151
[21:38:02.894] [SEVERE ] updating countdown to 55051
[21:38:03.008] [SEVERE ] updating countdown to 54937
[21:38:03.116] [SEVERE ] updating countdown to 54829
[21:38:03.224] [SEVERE ] updating countdown to 54721
[21:38:03.325] [SEVERE ] updating countdown to 54620
[21:38:03.434] [SEVERE ] updating countdown to 54511
[21:38:03.536] [SEVERE ] updating countdown to 54409
[21:38:03.644] [SEVERE ] updating countdown to 54301
[21:38:03.755] [SEVERE ] updating countdown to 54190
[21:38:03.865] [SEVERE ] updating countdown to 54080
[21:38:03.974] [SEVERE ] updating countdown to 53971
[21:38:04.089] [SEVERE ] updating countdown to 53856
[21:38:04.190] [SEVERE ] updating countdown to 53755
[21:38:04.298] [SEVERE ] updating countdown to 53647
[21:38:04.404] [SEVERE ] updating countdown to 53541
[21:38:04.511] [SEVERE ] updating countdown to 53434
[21:38:04.619] [SEVERE ] updating countdown to 53326
[21:38:04.727] [SEVERE ] updating countdown to 53219
[21:38:04.834] [SEVERE ] updating countdown to 53111
[21:38:04.941] [SEVERE ] updating countdown to 53004
[21:38:05.048] [SEVERE ] updating countdown to 52897
[21:38:05.155] [SEVERE ] updating countdown to 52790
[21:38:05.270] [SEVERE ] updating countdown to 52675
[21:38:05.378] [SEVERE ] updating countdown to 52567
[21:38:05.489] [SEVERE ] updating countdown to 52456
[21:38:05.593] [SEVERE ] updating countdown to 52352
[21:38:05.702] [SEVERE ] updating countdown to 52243
[21:38:05.809] [SEVERE ] updating countdown to 52136
[21:38:05.925] [SEVERE ] updating countdown to 52020
[21:38:06.036] [SEVERE ] updating countdown to 51909
[21:38:06.141] [SEVERE ] updating countdown to 51804
[21:38:06.250] [SEVERE ] updating countdown to 51696
[21:38:06.357] [SEVERE ] updating countdown to 51588
[21:38:06.472] [SEVERE ] updating countdown to 51473
[21:38:06.579] [SEVERE ] updating countdown to 51366
[21:38:06.686] [SEVERE ] updating countdown to 51259
[21:38:06.793] [SEVERE ] updating countdown to 51152
[21:38:06.900] [SEVERE ] updating countdown to 51045
[21:38:07.016] [SEVERE ] updating countdown to 50929
[21:38:07.132] [SEVERE ] updating countdown to 50813
[21:38:07.239] [SEVERE ] updating countdown to 50706
[21:38:07.345] [SEVERE ] updating countdown to 50600
[21:38:07.452] [SEVERE ] updating countdown to 50493
[21:38:07.560] [SEVERE ] updating countdown to 50385
[21:38:07.667] [SEVERE ] updating countdown to 50278
[21:38:07.770] [SEVERE ] updating countdown to 50175
[21:38:07.877] [SEVERE ] updating countdown to 50068
[21:38:07.985] [SEVERE ] updating countdown to 49960
[21:38:08.093] [SEVERE ] updating countdown to 49852
[21:38:08.204] [SEVERE ] updating countdown to 49741
[21:38:08.308] [SEVERE ] updating countdown to 49637
[21:38:08.414] [SEVERE ] updating countdown to 49531
[21:38:08.528] [SEVERE ] updating countdown to 49417
[21:38:08.644] [SEVERE ] updating countdown to 49301
[21:38:08.761] [SEVERE ] updating countdown to 49185
[21:38:08.868] [SEVERE ] updating countdown to 49077
[21:38:08.975] [SEVERE ] updating countdown to 48970
[21:38:09.082] [SEVERE ] updating countdown to 48863
[21:38:09.197] [SEVERE ] updating countdown to 48748
[21:38:09.310] [SEVERE ] updating countdown to 48635
[21:38:09.418] [SEVERE ] updating countdown to 48527
[21:38:09.524] [SEVERE ] updating countdown to 48421
[21:38:09.640] [SEVERE ] updating countdown to 48305
[21:38:09.749] [SEVERE ] updating countdown to 48196
[21:38:09.858] [SEVERE ] updating countdown to 48087
[21:38:09.962] [SEVERE ] updating countdown to 47983
[21:38:10.074] [SEVERE ] updating countdown to 47871
[21:38:10.186] [SEVERE ] updating countdown to 47759
[21:38:10.287] [SEVERE ] updating countdown to 47658
[21:38:10.390] [SEVERE ] updating countdown to 47555
[21:38:10.490] [SEVERE ] updating countdown to 47455
[21:38:10.591] [SEVERE ] updating countdown to 47354
[21:38:10.702] [SEVERE ] updating countdown to 47243
[21:38:10.808] [SEVERE ] updating countdown to 47137
[21:38:10.917] [SEVERE ] updating countdown to 47028
[21:38:11.019] [SEVERE ] updating countdown to 46926
[21:38:11.126] [SEVERE ] updating countdown to 46819
[21:38:11.228] [SEVERE ] updating countdown to 46717
[21:38:11.335] [SEVERE ] updating countdown to 46610
[21:38:11.436] [SEVERE ] updating countdown to 46509
[21:38:11.536] [SEVERE ] updating countdown to 46409
[21:38:11.644] [SEVERE ] updating countdown to 46301
[21:38:11.751] [SEVERE ] updating countdown to 46194
[21:38:11.859] [SEVERE ] updating countdown to 46086
[21:38:11.967] [SEVERE ] updating countdown to 45978
[21:38:12.074] [SEVERE ] updating countdown to 45871
[21:38:12.180] [SEVERE ] updating countdown to 45765
[21:38:12.291] [SEVERE ] updating countdown to 45654
[21:38:12.395] [SEVERE ] updating countdown to 45550
[21:38:12.498] [SEVERE ] updating countdown to 45447
[21:38:12.611] [SEVERE ] updating countdown to 45334
[21:38:12.714] [SEVERE ] updating countdown to 45231
[21:38:12.826] [SEVERE ] updating countdown to 45119
[21:38:12.939] [SEVERE ] updating countdown to 45006
[21:38:13.044] [SEVERE ] updating countdown to 44901
[21:38:13.156] [SEVERE ] updating countdown to 44789
[21:38:13.258] [SEVERE ] updating countdown to 44687
[21:38:13.362] [SEVERE ] updating countdown to 44584
[21:38:13.464] [SEVERE ] updating countdown to 44481
[21:38:13.566] [SEVERE ] updating countdown to 44379
[21:38:13.674] [SEVERE ] updating countdown to 44271
[21:38:13.786] [SEVERE ] updating countdown to 44159
[21:38:13.893] [SEVERE ] updating countdown to 44052
[21:38:14.007] [SEVERE ] updating countdown to 43938
[21:38:14.116] [SEVERE ] updating countdown to 43829
[21:38:14.225] [SEVERE ] updating countdown to 43720
[21:38:14.331] [SEVERE ] updating countdown to 43614
[21:38:14.441] [SEVERE ] updating countdown to 43504
[21:38:14.547] [SEVERE ] updating countdown to 43398
[21:38:14.660] [SEVERE ] updating countdown to 43285
[21:38:14.775] [SEVERE ] updating countdown to 43170
[21:38:14.889] [SEVERE ] updating countdown to 43056
[21:38:14.997] [SEVERE ] updating countdown to 42948
[21:38:15.103] [SEVERE ] updating countdown to 42842
[21:38:15.210] [SEVERE ] updating countdown to 42735
[21:38:15.316] [SEVERE ] updating countdown to 42629
[21:38:15.425] [SEVERE ] updating countdown to 42520
[21:38:15.528] [SEVERE ] updating countdown to 42417
[21:38:15.633] [SEVERE ] updating countdown to 42312
[21:38:15.741] [SEVERE ] updating countdown to 42204
[21:38:15.845] [SEVERE ] updating countdown to 42100
[21:38:15.960] [SEVERE ] updating countdown to 41985
[21:38:16.069] [SEVERE ] updating countdown to 41876
[21:38:16.183] [SEVERE ] updating countdown to 41762
[21:38:16.285] [SEVERE ] updating countdown to 41660
[21:38:16.394] [SEVERE ] updating countdown to 41551
[21:38:16.496] [SEVERE ] updating countdown to 41449
[21:38:16.602] [SEVERE ] updating countdown to 41343
[21:38:16.703] [SEVERE ] updating countdown to 41242
[21:38:16.814] [SEVERE ] updating countdown to 41131
[21:38:16.922] [SEVERE ] updating countdown to 41023
[21:38:17.023] [SEVERE ] updating countdown to 40922
[21:38:17.133] [SEVERE ] updating countdown to 40812
[21:38:17.248] [SEVERE ] updating countdown to 40697
[21:38:17.348] [SEVERE ] updating countdown to 40597
[21:38:17.449] [SEVERE ] updating countdown to 40496
[21:38:17.565] [SEVERE ] updating countdown to 40380
[21:38:17.673] [SEVERE ] updating countdown to 40272
[21:38:17.774] [SEVERE ] updating countdown to 40171
[21:38:17.880] [SEVERE ] updating countdown to 40065
[21:38:17.995] [SEVERE ] updating countdown to 39950
[21:38:18.102] [SEVERE ] updating countdown to 39843
[21:38:18.209] [SEVERE ] updating countdown to 39736
[21:38:18.316] [SEVERE ] updating countdown to 39629
[21:38:18.419] [SEVERE ] updating countdown to 39526
[21:38:18.534] [SEVERE ] updating countdown to 39411
[21:38:18.643] [SEVERE ] updating countdown to 39302
[21:38:18.749] [SEVERE ] updating countdown to 39196
[21:38:18.852] [SEVERE ] updating countdown to 39093
[21:38:18.963] [SEVERE ] updating countdown to 38982
[21:38:19.075] [SEVERE ] updating countdown to 38870
[21:38:19.177] [SEVERE ] updating countdown to 38768
[21:38:19.284] [SEVERE ] updating countdown to 38661
[21:38:19.393] [SEVERE ] updating countdown to 38552
[21:38:19.500] [SEVERE ] updating countdown to 38445
[21:38:19.608] [SEVERE ] updating countdown to 38337
[21:38:19.716] [SEVERE ] updating countdown to 38229
[21:38:19.828] [SEVERE ] updating countdown to 38117
[21:38:19.939] [SEVERE ] updating countdown to 38006
[21:38:20.054] [SEVERE ] updating countdown to 37891
[21:38:20.161] [SEVERE ] updating countdown to 37784
[21:38:20.262] [SEVERE ] updating countdown to 37683
[21:38:20.374] [SEVERE ] updating countdown to 37571
[21:38:20.484] [SEVERE ] updating countdown to 37461
[21:38:20.584] [SEVERE ] updating countdown to 37361
[21:38:20.691] [SEVERE ] updating countdown to 37254
[21:38:20.793] [SEVERE ] updating countdown to 37152
[21:38:20.901] [SEVERE ] updating countdown to 37044
[21:38:21.003] [SEVERE ] updating countdown to 36942
[21:38:21.113] [SEVERE ] updating countdown to 36832
[21:38:21.224] [SEVERE ] updating countdown to 36721
[21:38:21.327] [SEVERE ] updating countdown to 36618
[21:38:21.443] [SEVERE ] updating countdown to 36502
[21:38:21.550] [SEVERE ] updating countdown to 36395
[21:38:21.653] [SEVERE ] updating countdown to 36292
[21:38:21.768] [SEVERE ] updating countdown to 36177
[21:38:21.876] [SEVERE ] updating countdown to 36069
[21:38:21.990] [SEVERE ] updating countdown to 35955
[21:38:22.105] [SEVERE ] updating countdown to 35840
[21:38:22.217] [SEVERE ] updating countdown to 35728
[21:38:22.321] [SEVERE ] updating countdown to 35624
[21:38:22.426] [SEVERE ] updating countdown to 35519
[21:38:22.534] [SEVERE ] updating countdown to 35411
[21:38:22.643] [SEVERE ] updating countdown to 35302
[21:38:22.743] [SEVERE ] updating countdown to 35202
[21:38:22.843] [SEVERE ] updating countdown to 35102
[21:38:22.951] [SEVERE ] updating countdown to 34994
[21:38:23.060] [SEVERE ] updating countdown to 34885
[21:38:23.169] [SEVERE ] updating countdown to 34776
[21:38:23.269] [SEVERE ] updating countdown to 34676
[21:38:23.385] [SEVERE ] updating countdown to 34560
[21:38:23.494] [SEVERE ] updating countdown to 34451
[21:38:23.600] [SEVERE ] updating countdown to 34345
[21:38:23.715] [SEVERE ] updating countdown to 34230
[21:38:23.820] [SEVERE ] updating countdown to 34125
[21:38:23.927] [SEVERE ] updating countdown to 34018
[21:38:24.035] [SEVERE ] updating countdown to 33910
[21:38:24.145] [SEVERE ] updating countdown to 33800
[21:38:24.252] [SEVERE ] updating countdown to 33693
[21:38:24.359] [SEVERE ] updating countdown to 33586
[21:38:24.466] [SEVERE ] updating countdown to 33479
[21:38:24.573] [SEVERE ] updating countdown to 33372
[21:38:24.680] [SEVERE ] updating countdown to 33266
[21:38:24.786] [SEVERE ] updating countdown to 33159
[21:38:24.896] [SEVERE ] updating countdown to 33049
[21:38:24.999] [SEVERE ] updating countdown to 32946
[21:38:25.110] [SEVERE ] updating countdown to 32835
[21:38:25.218] [SEVERE ] updating countdown to 32727
[21:38:25.324] [SEVERE ] updating countdown to 32621
[21:38:25.433] [SEVERE ] updating countdown to 32512
[21:38:25.536] [SEVERE ] updating countdown to 32409
[21:38:25.643] [SEVERE ] updating countdown to 32302
[21:38:25.745] [SEVERE ] updating countdown to 32200
[21:38:25.852] [SEVERE ] updating countdown to 32093
[21:38:25.958] [SEVERE ] updating countdown to 31987
[21:38:26.062] [SEVERE ] updating countdown to 31883
[21:38:26.165] [SEVERE ] updating countdown to 31780
[21:38:26.276] [SEVERE ] updating countdown to 31669
[21:38:26.390] [SEVERE ] updating countdown to 31555
[21:38:26.498] [SEVERE ] updating countdown to 31447
[21:38:26.610] [SEVERE ] updating countdown to 31335
[21:38:26.718] [SEVERE ] updating countdown to 31227
[21:38:26.824] [SEVERE ] updating countdown to 31121
[21:38:26.939] [SEVERE ] updating countdown to 31006
[21:38:27.040] [SEVERE ] updating countdown to 30905
[21:38:27.143] [SEVERE ] updating countdown to 30802
[21:38:27.250] [SEVERE ] updating countdown to 30695
[21:38:27.359] [SEVERE ] updating countdown to 30586
[21:38:27.461] [SEVERE ] updating countdown to 30484
[21:38:27.569] [SEVERE ] updating countdown to 30376
[21:38:27.673] [SEVERE ] updating countdown to 30272
[21:38:27.783] [SEVERE ] updating countdown to 30162
[21:38:27.889] [SEVERE ] updating countdown to 30056
[21:38:27.998] [SEVERE ] updating countdown to 29947
[21:38:28.111] [SEVERE ] updating countdown to 29834
[21:38:28.217] [SEVERE ] updating countdown to 29728
[21:38:28.318] [SEVERE ] updating countdown to 29627
[21:38:28.424] [SEVERE ] updating countdown to 29521
[21:38:28.533] [SEVERE ] updating countdown to 29412
[21:38:28.639] [SEVERE ] updating countdown to 29306
[21:38:28.741] [SEVERE ] updating countdown to 29204
[21:38:28.841] [SEVERE ] updating countdown to 29104
[21:38:28.943] [SEVERE ] updating countdown to 29002
[21:38:29.059] [SEVERE ] updating countdown to 28886
[21:38:29.166] [SEVERE ] updating countdown to 28779
[21:38:29.273] [SEVERE ] updating countdown to 28672
[21:38:29.378] [SEVERE ] updating countdown to 28567
[21:38:29.492] [SEVERE ] updating countdown to 28453
[21:38:29.599] [SEVERE ] updating countdown to 28346
[21:38:29.705] [SEVERE ] updating countdown to 28240
[21:38:29.812] [SEVERE ] updating countdown to 28133
[21:38:29.919] [SEVERE ] updating countdown to 28026
[21:38:30.027] [SEVERE ] updating countdown to 27919
[21:38:30.134] [SEVERE ] updating countdown to 27811
[21:38:30.245] [SEVERE ] updating countdown to 27700
[21:38:30.359] [SEVERE ] updating countdown to 27586
[21:38:30.471] [SEVERE ] updating countdown to 27474
[21:38:30.572] [SEVERE ] updating countdown to 27373
[21:38:30.684] [SEVERE ] updating countdown to 27261
[21:38:30.793] [SEVERE ] updating countdown to 27152
[21:38:30.907] [SEVERE ] updating countdown to 27038
[21:38:31.022] [SEVERE ] updating countdown to 26923
[21:38:31.129] [SEVERE ] updating countdown to 26816
[21:38:31.244] [SEVERE ] updating countdown to 26701
[21:38:31.352] [SEVERE ] updating countdown to 26593
[21:38:31.460] [SEVERE ] updating countdown to 26485
[21:38:31.575] [SEVERE ] updating countdown to 26370
[21:38:31.683] [SEVERE ] updating countdown to 26262
[21:38:31.789] [SEVERE ] updating countdown to 26156
[21:38:31.895] [SEVERE ] updating countdown to 26050
[21:38:32.010] [SEVERE ] updating countdown to 25935
[21:38:32.117] [SEVERE ] updating countdown to 25828
[21:38:32.225] [SEVERE ] updating countdown to 25720
[21:38:32.333] [SEVERE ] updating countdown to 25612
[21:38:32.445] [SEVERE ] updating countdown to 25500
[21:38:32.546] [SEVERE ] updating countdown to 25399
[21:38:32.660] [SEVERE ] updating countdown to 25286
[21:38:32.772] [SEVERE ] updating countdown to 25173
[21:38:32.876] [SEVERE ] updating countdown to 25069
[21:38:32.989] [SEVERE ] updating countdown to 24956
[21:38:33.096] [SEVERE ] updating countdown to 24849
[21:38:33.210] [SEVERE ] updating countdown to 24735
[21:38:33.318] [SEVERE ] updating countdown to 24627
[21:38:33.425] [SEVERE ] updating countdown to 24520
[21:38:33.540] [SEVERE ] updating countdown to 24405
[21:38:33.646] [SEVERE ] updating countdown to 24299
[21:38:33.761] [SEVERE ] updating countdown to 24184
[21:38:33.868] [SEVERE ] updating countdown to 24077
[21:38:33.983] [SEVERE ] updating countdown to 23962
[21:38:34.091] [SEVERE ] updating countdown to 23854
[21:38:34.198] [SEVERE ] updating countdown to 23747
[21:38:34.312] [SEVERE ] updating countdown to 23633
[21:38:34.427] [SEVERE ] updating countdown to 23519
[21:38:34.534] [SEVERE ] updating countdown to 23411
[21:38:34.649] [SEVERE ] updating countdown to 23296
[21:38:34.760] [SEVERE ] updating countdown to 23185
[21:38:34.864] [SEVERE ] updating countdown to 23081
[21:38:34.977] [SEVERE ] updating countdown to 22968
[21:38:35.090] [SEVERE ] updating countdown to 22855
[21:38:35.194] [SEVERE ] updating countdown to 22751
[21:38:35.300] [SEVERE ] updating countdown to 22645
[21:38:35.405] [SEVERE ] updating countdown to 22540
[21:38:35.506] [SEVERE ] updating countdown to 22439
[21:38:35.620] [SEVERE ] updating countdown to 22325
[21:38:35.727] [SEVERE ] updating countdown to 22218
[21:38:35.835] [SEVERE ] updating countdown to 22110
[21:38:35.943] [SEVERE ] updating countdown to 22002
[21:38:36.050] [SEVERE ] updating countdown to 21895
[21:38:36.158] [SEVERE ] updating countdown to 21787
[21:38:36.274] [SEVERE ] updating countdown to 21671
[21:38:36.382] [SEVERE ] updating countdown to 21563
[21:38:36.495] [SEVERE ] updating countdown to 21450
[21:38:36.611] [SEVERE ] updating countdown to 21334
[21:38:36.718] [SEVERE ] updating countdown to 21227
[21:38:36.824] [SEVERE ] updating countdown to 21121
[21:38:36.938] [SEVERE ] updating countdown to 21007
[21:38:37.040] [SEVERE ] updating countdown to 20905
[21:38:37.145] [SEVERE ] updating countdown to 20800
[21:38:37.260] [SEVERE ] updating countdown to 20685
[21:38:37.363] [SEVERE ] updating countdown to 20582
[21:38:37.467] [SEVERE ] updating countdown to 20478
[21:38:37.569] [SEVERE ] updating countdown to 20376
[21:38:37.677] [SEVERE ] updating countdown to 20268
[21:38:37.783] [SEVERE ] updating countdown to 20162
[21:38:37.886] [SEVERE ] updating countdown to 20059
[21:38:37.994] [SEVERE ] updating countdown to 19951
[21:38:38.095] [SEVERE ] updating countdown to 19850
[21:38:38.199] [SEVERE ] updating countdown to 19746
[21:38:38.307] [SEVERE ] updating countdown to 19638
[21:38:38.422] [SEVERE ] updating countdown to 19523
[21:38:38.536] [SEVERE ] updating countdown to 19409
[21:38:38.645] [SEVERE ] updating countdown to 19300
[21:38:38.759] [SEVERE ] updating countdown to 19186
[21:38:38.871] [SEVERE ] updating countdown to 19074
[21:38:38.974] [SEVERE ] updating countdown to 18971
[21:38:39.083] [SEVERE ] updating countdown to 18862
[21:38:39.183] [SEVERE ] updating countdown to 18762
[21:38:39.285] [SEVERE ] updating countdown to 18660
[21:38:39.397] [SEVERE ] updating countdown to 18548
[21:38:39.506] [SEVERE ] updating countdown to 18439
[21:38:39.607] [SEVERE ] updating countdown to 18338
[21:38:39.713] [SEVERE ] updating countdown to 18232
[21:38:39.816] [SEVERE ] updating countdown to 18129
[21:38:39.922] [SEVERE ] updating countdown to 18023
[21:38:40.027] [SEVERE ] updating countdown to 17918
[21:38:40.142] [SEVERE ] updating countdown to 17803
[21:38:40.250] [SEVERE ] updating countdown to 17695
[21:38:40.358] [SEVERE ] updating countdown to 17587
[21:38:40.466] [SEVERE ] updating countdown to 17479
[21:38:40.566] [SEVERE ] updating countdown to 17379
[21:38:40.674] [SEVERE ] updating countdown to 17271
[21:38:40.776] [SEVERE ] updating countdown to 17169
[21:38:40.891] [SEVERE ] updating countdown to 17054
[21:38:40.993] [SEVERE ] updating countdown to 16952
[21:38:41.101] [SEVERE ] updating countdown to 16844
[21:38:41.209] [SEVERE ] updating countdown to 16736
[21:38:41.309] [SEVERE ] updating countdown to 16636
[21:38:41.419] [SEVERE ] updating countdown to 16526
[21:38:41.528] [SEVERE ] updating countdown to 16417
[21:38:41.643] [SEVERE ] updating countdown to 16302
[21:38:41.749] [SEVERE ] updating countdown to 16196
[21:38:41.861] [SEVERE ] updating countdown to 16084
[21:38:41.968] [SEVERE ] updating countdown to 15977
[21:38:42.076] [SEVERE ] updating countdown to 15869
[21:38:42.184] [SEVERE ] updating countdown to 15761
[21:38:42.292] [SEVERE ] updating countdown to 15653
[21:38:42.395] [SEVERE ] updating countdown to 15550
[21:38:42.501] [SEVERE ] updating countdown to 15444
[21:38:42.610] [SEVERE ] updating countdown to 15335
[21:38:42.716] [SEVERE ] updating countdown to 15229
[21:38:42.817] [SEVERE ] updating countdown to 15128
[21:38:42.926] [SEVERE ] updating countdown to 15019
[21:38:43.037] [SEVERE ] updating countdown to 14908
[21:38:43.143] [SEVERE ] updating countdown to 14802
[21:38:43.249] [SEVERE ] updating countdown to 14696
[21:38:43.360] [SEVERE ] updating countdown to 14585
[21:38:43.468] [SEVERE ] updating countdown to 14477
[21:38:43.578] [SEVERE ] updating countdown to 14367
[21:38:43.691] [SEVERE ] updating countdown to 14254
[21:38:43.793] [SEVERE ] updating countdown to 14152
[21:38:43.908] [SEVERE ] updating countdown to 14037
[21:38:44.011] [SEVERE ] updating countdown to 13934
[21:38:44.115] [SEVERE ] updating countdown to 13830
[21:38:44.217] [SEVERE ] updating countdown to 13728
[21:38:44.333] [SEVERE ] updating countdown to 13612
[21:38:44.439] [SEVERE ] updating countdown to 13506
[21:38:44.544] [SEVERE ] updating countdown to 13401
[21:38:44.645] [SEVERE ] updating countdown to 13300
[21:38:44.746] [SEVERE ] updating countdown to 13199
[21:38:44.857] [SEVERE ] updating countdown to 13088
[21:38:44.965] [SEVERE ] updating countdown to 12980
[21:38:45.074] [SEVERE ] updating countdown to 12871
[21:38:45.186] [SEVERE ] updating countdown to 12759
[21:38:45.289] [SEVERE ] updating countdown to 12656
[21:38:45.393] [SEVERE ] updating countdown to 12552
[21:38:45.494] [SEVERE ] updating countdown to 12451
[21:38:45.596] [SEVERE ] updating countdown to 12349
[21:38:45.707] [SEVERE ] updating countdown to 12238
[21:38:45.815] [SEVERE ] updating countdown to 12130
[21:38:45.928] [SEVERE ] updating countdown to 12017
[21:38:46.039] [SEVERE ] updating countdown to 11906
[21:38:46.152] [SEVERE ] updating countdown to 11793
[21:38:46.256] [SEVERE ] updating countdown to 11689
[21:38:46.360] [SEVERE ] updating countdown to 11585
[21:38:46.462] [SEVERE ] updating countdown to 11483
[21:38:46.567] [SEVERE ] updating countdown to 11378
[21:38:46.668] [SEVERE ] updating countdown to 11277
[21:38:46.773] [SEVERE ] updating countdown to 11173
[21:38:46.877] [SEVERE ] updating countdown to 11068
[21:38:46.985] [SEVERE ] updating countdown to 10960
[21:38:47.091] [SEVERE ] updating countdown to 10854
[21:38:47.193] [SEVERE ] updating countdown to 10752
[21:38:47.303] [SEVERE ] updating countdown to 10642
[21:38:47.412] [SEVERE ] updating countdown to 10533
[21:38:47.518] [SEVERE ] updating countdown to 10427
[21:38:47.619] [SEVERE ] updating countdown to 10326
[21:38:47.729] [SEVERE ] updating countdown to 10216
[21:38:47.838] [SEVERE ] updating countdown to 10107
[21:38:47.944] [SEVERE ] updating countdown to 10001
[21:38:48.048] [SEVERE ] updating countdown to 9897
[21:38:48.152] [SEVERE ] updating countdown to 9793
[21:38:48.253] [SEVERE ] updating countdown to 9692
[21:38:48.367] [SEVERE ] updating countdown to 9578
[21:38:48.480] [SEVERE ] updating countdown to 9465
[21:38:48.589] [SEVERE ] updating countdown to 9356
[21:38:48.691] [SEVERE ] updating countdown to 9254
[21:38:48.800] [SEVERE ] updating countdown to 9145
[21:38:48.909] [SEVERE ] updating countdown to 9036
[21:38:49.024] [SEVERE ] updating countdown to 8922
[21:38:49.133] [SEVERE ] updating countdown to 8812
[21:38:49.244] [SEVERE ] updating countdown to 8701
[21:38:49.352] [SEVERE ] updating countdown to 8593
[21:38:49.460] [SEVERE ] updating countdown to 8485
[21:38:49.575] [SEVERE ] updating countdown to 8370
[21:38:49.683] [SEVERE ] updating countdown to 8262
[21:38:49.785] [SEVERE ] updating countdown to 8160
[21:38:49.893] [SEVERE ] updating countdown to 8052
[21:38:50.007] [SEVERE ] updating countdown to 7938
[21:38:50.117] [SEVERE ] updating countdown to 7828
[21:38:50.227] [SEVERE ] updating countdown to 7718
[21:38:50.331] [SEVERE ] updating countdown to 7614
[21:38:50.436] [SEVERE ] updating countdown to 7509
[21:38:50.549] [SEVERE ] updating countdown to 7396
[21:38:50.658] [SEVERE ] updating countdown to 7287
[21:38:50.760] [SEVERE ] updating countdown to 7185
[21:38:50.869] [SEVERE ] updating countdown to 7076
[21:38:50.979] [SEVERE ] updating countdown to 6966
[21:38:51.088] [SEVERE ] updating countdown to 6857
[21:38:51.193] [SEVERE ] updating countdown to 6752
[21:38:51.301] [SEVERE ] updating countdown to 6644
[21:38:51.407] [SEVERE ] updating countdown to 6538
[21:38:51.515] [SEVERE ] updating countdown to 6430
[21:38:51.615] [SEVERE ] updating countdown to 6330
[21:38:51.723] [SEVERE ] updating countdown to 6222
[21:38:51.838] [SEVERE ] updating countdown to 6107
[21:38:51.953] [SEVERE ] updating countdown to 5992
[21:38:52.059] [SEVERE ] updating countdown to 5886
[21:38:52.168] [SEVERE ] updating countdown to 5777
[21:38:52.271] [SEVERE ] updating countdown to 5674
[21:38:52.374] [SEVERE ] updating countdown to 5571
[21:38:52.475] [SEVERE ] updating countdown to 5470
[21:38:52.590] [SEVERE ] updating countdown to 5355
[21:38:52.702] [SEVERE ] updating countdown to 5243
[21:38:52.813] [SEVERE ] updating countdown to 5132
[21:38:52.926] [SEVERE ] updating countdown to 5019
[21:38:58.001] [SEVERE ] updating countdown to 0
[21:38:58.001] [SEVERE ] updating countdown to 0
[21:38:58.109] [SEVERE ] removing card from slot 0
[21:38:58.110] [SEVERE ] removing tokens from slot 0
[21:38:58.216] [SEVERE ] removing card from slot 1
[21:38:58.216] [SEVERE ] removing tokens from slot 1
[21:38:58.320] [SEVERE ] removing card from slot 2
[21:38:58.320] [SEVERE ] removing tokens from slot 2
[21:38:58.424] [SEVERE ] removing card from slot 3
[21:38:58.425] [SEVERE ] removing tokens from slot 3
[21:38:58.533] [SEVERE ] removing card from slot 4
[21:38:58.533] [SEVERE ] removing tokens from slot 4
[21:38:58.641] [SEVERE ] removing card from slot 5
[21:38:58.641] [SEVERE ] removing tokens from slot 5
[21:38:58.742] [SEVERE ] removing card from slot 6
[21:38:58.742] [SEVERE ] removing tokens from slot 6
[21:38:58.845] [SEVERE ] removing card from slot 7
[21:38:58.845] [SEVERE ] removing tokens from slot 7
[21:38:58.957] [SEVERE ] removing card from slot 8
[21:38:58.957] [SEVERE ] removing tokens from slot 8
[21:38:59.066] [SEVERE ] removing card from slot 9
[21:38:59.067] [SEVERE ] removing tokens from slot 9
[21:38:59.174] [SEVERE ] removing card from slot 10
[21:38:59.174] [SEVERE ] removing tokens from slot 10
[21:38:59.278] [SEVERE ] removing card from slot 11
[21:38:59.279] [SEVERE ] removing tokens from slot 11
[21:38:59.385] [SEVERE ] placing card 5 in slot 0
[21:38:59.490] [SEVERE ] placing card 0 in slot 1
[21:38:59.602] [SEVERE ] placing card 52 in slot 2
[21:38:59.716] [SEVERE ] placing card 48 in slot 3
[21:38:59.824] [SEVERE ] placing card 14 in slot 4
[21:38:59.933] [SEVERE ] placing card 70 in slot 5
[21:39:00.042] [SEVERE ] placing card 34 in slot 6
[21:39:00.145] [SEVERE ] placing card 75 in slot 7
[21:39:00.252] [SEVERE ] placing card 20 in slot 8
[21:39:00.359] [SEVERE ] placing card 60 in slot 9
[21:39:00.467] [SEVERE ] placing card 31 in slot 10
[21:39:00.567] [SEVERE ] placing card 80 in slot 11
[21:39:00.568] [SEVERE ] updating countdown to 60000
[21:39:00.683] [SEVERE ] updating countdown to 59885
[21:39:00.784] [SEVERE ] updating countdown to 59784
[21:39:00.892] [SEVERE ] updating countdown to 59676
[21:39:01.000] [SEVERE ] updating countdown to 59568
[21:39:01.110] [SEVERE ] updating countdown to 59458
[21:39:01.219] [SEVERE ] updating countdown to 59349
[21:39:01.319] [SEVERE ] updating countdown to 59249
[21:39:01.427] [SEVERE ] updating countdown to 59141
[21:39:01.536] [SEVERE ] updating countdown to 59032
[21:39:01.640] [SEVERE ] updating countdown to 58928
[21:39:01.753] [SEVERE ] updating countdown to 58815
[21:39:01.867] [SEVERE ] updating countdown to 58701
[21:39:01.974] [SEVERE ] updating countdown to 58594
[21:39:02.082] [SEVERE ] updating countdown to 58486
[21:39:02.190] [SEVERE ] updating countdown to 58378
[21:39:02.299] [SEVERE ] updating countdown to 58269
[21:39:02.410] [SEVERE ] updating countdown to 58158
[21:39:02.526] [SEVERE ] updating countdown to 58042
[21:39:02.634] [SEVERE ] updating countdown to 57934
[21:39:02.736] [SEVERE ] updating countdown to 57832
[21:39:02.852] [SEVERE ] updating countdown to 57716
[21:39:02.955] [SEVERE ] updating countdown to 57613
[21:39:03.067] [SEVERE ] updating countdown to 57501
[21:39:03.167] [SEVERE ] updating countdown to 57401
[21:39:03.283] [SEVERE ] updating countdown to 57285
[21:39:03.390] [SEVERE ] updating countdown to 57178
[21:39:03.494] [SEVERE ] updating countdown to 57074
[21:39:03.609] [SEVERE ] updating countdown to 56959
[21:39:03.716] [SEVERE ] updating countdown to 56852
[21:39:03.829] [SEVERE ] updating countdown to 56739
[21:39:03.931] [SEVERE ] updating countdown to 56637
[21:39:04.046] [SEVERE ] updating countdown to 56522
[21:39:04.150] [SEVERE ] updating countdown to 56418
[21:39:04.259] [SEVERE ] updating countdown to 56309
[21:39:04.366] [SEVERE ] updating countdown to 56202
[21:39:04.472] [SEVERE ] updating countdown to 56096
[21:39:04.587] [SEVERE ] updating countdown to 55981
[21:39:04.696] [SEVERE ] updating countdown to 55872
[21:39:04.801] [SEVERE ] updating countdown to 55767
[21:39:04.908] [SEVERE ] updating countdown to 55660
[21:39:05.023] [SEVERE ] updating countdown to 55545
[21:39:05.124] [SEVERE ] updating countdown to 55444
[21:39:05.231] [SEVERE ] updating countdown to 55337
[21:39:05.333] [SEVERE ] updating countdown to 55235
[21:39:05.446] [SEVERE ] updating countdown to 55122
[21:39:05.553] [SEVERE ] updating countdown to 55015
[21:39:05.657] [SEVERE ] updating countdown to 54911
[21:39:05.768] [SEVERE ] updating countdown to 54800
[21:39:05.876] [SEVERE ] updating countdown to 54692
[21:39:05.977] [SEVERE ] updating countdown to 54591
[21:39:06.088] [SEVERE ] updating countdown to 54480
[21:39:06.202] [SEVERE ] updating countdown to 54366
[21:39:06.304] [SEVERE ] updating countdown to 54264
[21:39:06.416] [SEVERE ] updating countdown to 54152
[21:39:06.517] [SEVERE ] updating countdown to 54051
[21:39:06.618] [SEVERE ] updating countdown to 53950
[21:39:06.718] [SEVERE ] updating countdown to 53850
[21:39:06.833] [SEVERE ] updating countdown to 53735
[21:39:06.948] [SEVERE ] updating countdown to 53620
[21:39:07.054] [SEVERE ] updating countdown to 53514
[21:39:07.157] [SEVERE ] updating countdown to 53411
[21:39:07.264] [SEVERE ] updating countdown to 53304
[21:39:07.367] [SEVERE ] updating countdown to 53201
[21:39:07.468] [SEVERE ] updating countdown to 53100
[21:39:07.574] [SEVERE ] updating countdown to 52994
[21:39:07.676] [SEVERE ] updating countdown to 52892
[21:39:07.785] [SEVERE ] updating countdown to 52783
[21:39:07.885] [SEVERE ] updating countdown to 52683
[21:39:07.990] [SEVERE ] updating countdown to 52578
[21:39:08.091] [SEVERE ] updating countdown to 52477
[21:39:08.199] [SEVERE ] updating countdown to 52369
[21:39:08.314] [SEVERE ] updating countdown to 52254
[21:39:08.423] [SEVERE ] updating countdown to 52145
[21:39:08.524] [SEVERE ] updating countdown to 52044
[21:39:08.636] [SEVERE ] updating countdown to 51932
[21:39:08.741] [SEVERE ] updating countdown to 51827
[21:39:08.845] [SEVERE ] updating countdown to 51723
[21:39:08.951] [SEVERE ] updating countdown to 51617
[21:39:09.059] [SEVERE ] updating countdown to 51509
[21:39:09.166] [SEVERE ] updating countdown to 51402
[21:39:09.274] [SEVERE ] updating countdown to 51294
[21:39:09.389] [SEVERE ] updating countdown to 51179
[21:39:09.497] [SEVERE ] updating countdown to 51071
[21:39:09.603] [SEVERE ] updating countdown to 50965
[21:39:09.711] [SEVERE ] updating countdown to 50857
[21:39:09.813] [SEVERE ] updating countdown to 50755
[21:39:09.917] [SEVERE ] updating countdown to 50651
[21:39:10.019] [SEVERE ] updating countdown to 50549
[21:39:10.125] [SEVERE ] updating countdown to 50443
[21:39:10.238] [SEVERE ] updating countdown to 50330
[21:39:10.349] [SEVERE ] updating countdown to 50219
[21:39:10.458] [SEVERE ] updating countdown to 50110
[21:39:10.563] [SEVERE ] updating countdown to 50005
[21:39:10.674] [SEVERE ] updating countdown to 49894
[21:39:10.775] [SEVERE ] updating countdown to 49793
[21:39:10.886] [SEVERE ] updating countdown to 49682
[21:39:10.992] [SEVERE ] updating countdown to 49576
[21:39:11.093] [SEVERE ] updating countdown to 49475
[21:39:11.193] [SEVERE ] updating countdown to 49375
[21:39:11.294] [SEVERE ] updating countdown to 49274
[21:39:11.405] [SEVERE ] updating countdown to 49163
[21:39:11.512] [SEVERE ] updating countdown to 49056
[21:39:11.624] [SEVERE ] updating countdown to 48944
[21:39:11.731] [SEVERE ] updating countdown to 48837
[21:39:11.847] [SEVERE ] updating countdown to 48721
[21:39:11.961] [SEVERE ] updating countdown to 48607
[21:39:12.075] [SEVERE ] updating countdown to 48493
[21:39:12.191] [SEVERE ] updating countdown to 48377
[21:39:12.299] [SEVERE ] updating countdown to 48269
[21:39:12.408] [SEVERE ] updating countdown to 48160
[21:39:12.522] [SEVERE ] updating countdown to 48046
[21:39:12.632] [SEVERE ] updating countdown to 47936
[21:39:12.741] [SEVERE ] updating countdown to 47827
[21:39:12.855] [SEVERE ] updating countdown to 47713
[21:39:12.968] [SEVERE ] updating countdown to 47600
[21:39:13.073] [SEVERE ] updating countdown to 47495
[21:39:13.184] [SEVERE ] updating countdown to 47384
[21:39:13.289] [SEVERE ] updating countdown to 47279
[21:39:13.397] [SEVERE ] updating countdown to 47171
[21:39:13.520] [SEVERE ] updating countdown to 47048
[21:39:13.625] [SEVERE ] updating countdown to 46943
[21:39:13.733] [SEVERE ] updating countdown to 46835
[21:39:13.842] [SEVERE ] updating countdown to 46726
[21:39:13.942] [SEVERE ] updating countdown to 46626
[21:39:14.044] [SEVERE ] updating countdown to 46524
[21:39:14.160] [SEVERE ] updating countdown to 46408
[21:39:14.260] [SEVERE ] updating countdown to 46308
[21:39:14.376] [SEVERE ] updating countdown to 46192
[21:39:14.483] [SEVERE ] updating countdown to 46085
[21:39:14.589] [SEVERE ] updating countdown to 45979
[21:39:14.696] [SEVERE ] updating countdown to 45872
[21:39:14.798] [SEVERE ] updating countdown to 45770
[21:39:14.904] [SEVERE ] updating countdown to 45664
[21:39:15.016] [SEVERE ] updating countdown to 45552
[21:39:15.121] [SEVERE ] updating countdown to 45447
[21:39:15.185] [SEVERE ] key 83 was pressed by player 1
[21:39:15.185] [SEVERE ] player 1 placing token on slot 5
[21:39:15.233] [SEVERE ] updating countdown to 45335
[21:39:15.300] [SEVERE ] key 88 was pressed by player 1
[21:39:15.300] [SEVERE ] player 1 placing token on slot 9
[21:39:15.337] [SEVERE ] updating countdown to 45231
[21:39:15.450] [SEVERE ] updating countdown to 45118
[21:39:15.559] [SEVERE ] updating countdown to 45009
[21:39:15.667] [SEVERE ] updating countdown to 44901
[21:39:15.781] [SEVERE ] updating countdown to 44787
[21:39:15.895] [SEVERE ] updating countdown to 44673
[21:39:16.010] [SEVERE ] updating countdown to 44558
[21:39:16.126] [SEVERE ] updating countdown to 44442
[21:39:16.233] [SEVERE ] updating countdown to 44335
[21:39:16.342] [SEVERE ] updating countdown to 44226
[21:39:16.449] [SEVERE ] updating countdown to 44119
[21:39:16.559] [SEVERE ] updating countdown to 44009
[21:39:16.664] [SEVERE ] updating countdown to 43904
[21:39:16.709] [SEVERE ] key 86 was pressed by player 1
[21:39:16.709] [SEVERE ] player 1 placing token on slot 11
[21:39:16.709] [SEVERE ] updating countdown to 43859
[21:39:16.709] [SEVERE ] setting player 1 score to 1
[21:39:16.709] [SEVERE ] setting player 1 freeze to 1000
[21:39:17.715] [SEVERE ] setting player 1 freeze to 0
[21:39:26.192] [SEVERE ] key 83 was pressed by player 1
[21:39:27.059] [SEVERE ] key 88 was pressed by player 1
[21:39:27.982] [SEVERE ] key 86 was pressed by player 1
[21:39:28.008] [SEVERE ] key 67 was pressed by player 1
[21:39:28.160] [SEVERE ] key 83 was pressed by player 1
[21:39:28.383] [SEVERE ] key 87 was pressed by player 1
[21:39:28.447] [SEVERE ] key 69 was pressed by player 1
[21:39:28.688] [SEVERE ] key 70 was pressed by player 1
[21:39:28.968] [SEVERE ] key 87 was pressed by player 1
[21:39:28.974] [SEVERE ] key 81 was pressed by player 1
[21:39:28.999] [SEVERE ] key 69 was pressed by player 1
[21:39:29.178] [SEVERE ] key 70 was pressed by player 1
[21:39:29.695] [SEVERE ] key 70 was pressed by player 1
[21:39:30.516] [SEVERE ] exit button pressed
[21:39:30.517] [INFO   ] thread player 1 terminated.
[21:39:30.517] [INFO   ] thread player 0 terminated.
[21:39:30.517] [SEVERE ] removing card from slot 5
[21:39:30.517] [SEVERE ] removing tokens from slot 5
[21:39:30.517] [SEVERE ] removing player 1 token from slot 5
[21:39:30.626] [SEVERE ] removing card from slot 9
[21:39:30.626] [SEVERE ] removing tokens from slot 9
[21:39:30.626] [SEVERE ] removing player 1 token from slot 9
[21:39:30.736] [SEVERE ] removing card from slot 11
[21:39:30.736] [SEVERE ] removing tokens from slot 11
[21:39:30.736] [SEVERE ] removing player 1 token from slot 11
[21:39:30.736] [SEVERE ] updating countdown to 60000
[21:39:30.842] [SEVERE ] placing card 4 in slot 5
[21:39:30.943] [SEVERE ] placing card 40 in slot 9
[21:39:31.051] [SEVERE ] placing card 32 in slot 11
[21:39:31.052] [SEVERE ] updating countdown to 59684
[21:39:31.158] [SEVERE ] removing card from slot 0
[21:39:31.159] [SEVERE ] removing tokens from slot 0
[21:39:31.259] [SEVERE ] removing card from slot 1
[21:39:31.259] [SEVERE ] removing tokens from slot 1
[21:39:31.362] [SEVERE ] removing card from slot 2
[21:39:31.362] [SEVERE ] removing tokens from slot 2
[21:39:31.477] [SEVERE ] removing card from slot 3
[21:39:31.477] [SEVERE ] removing tokens from slot 3
[21:39:31.585] [SEVERE ] removing card from slot 4
[21:39:31.585] [SEVERE ] removing tokens from slot 4
[21:39:31.694] [SEVERE ] removing card from slot 5
[21:39:31.694] [SEVERE ] removing tokens from slot 5
[21:39:31.804] [SEVERE ] removing card from slot 6
[21:39:31.804] [SEVERE ] removing tokens from slot 6
[21:39:31.914] [SEVERE ] removing card from slot 7
[21:39:31.914] [SEVERE ] removing tokens from slot 7
[21:39:32.023] [SEVERE ] removing card from slot 8
[21:39:32.023] [SEVERE ] removing tokens from slot 8
[21:39:32.135] [SEVERE ] removing card from slot 9
[21:39:32.135] [SEVERE ] removing tokens from slot 9
[21:39:32.243] [SEVERE ] removing card from slot 10
[21:39:32.243] [SEVERE ] removing tokens from slot 10
[21:39:32.352] [SEVERE ] removing card from slot 11
[21:39:32.352] [SEVERE ] removing tokens from slot 11
[21:39:32.354] [SEVERE ] announcing winner(s): player 1
[21:39:32.357] [INFO   ] thread dealer terminated.
[21:39:32.357] [INFO   ] thread dealer terminated.
[21:39:32.358] [SEVERE ] thanks for playing... it was fun!
[21:39:32.358] [INFO   ] thread main terminated.
